#
# There is insufficient memory for the Java Runtime Environment to continue.
# Native memory allocation (mmap) failed to map 115343360 bytes. Error detail: G1 virtual space
# Possible reasons:
#   The system is out of physical RAM or swap space
#   This process is running with CompressedOops enabled, and the Java Heap may be blocking the growth of the native heap
# Possible solutions:
#   Reduce memory load on the system
#   Increase physical memory or swap space
#   Check if swap backing store is full
#   Decrease Java heap size (-Xmx/-Xms)
#   Decrease number of Java threads
#   Decrease Java thread stack sizes (-Xss)
#   Set larger code cache with -XX:ReservedCodeCacheSize=
#   JVM is running with Unscaled Compressed Oops mode in which the Java heap is
#     placed in the first 4GB address space. The Java Heap base address is the
#     maximum limit for the native heap growth. Please use -XX:HeapBaseMinAddress
#     to set the Java Heap base and to place the Java Heap above 4GB virtual address.
# This output file may be truncated or incomplete.
#
#  Out of Memory Error (os_windows.cpp:3828), pid=22600, tid=22860
#
# JRE version:  (21.0.5) (build )
# Java VM: OpenJDK 64-Bit Server VM (21.0.5+-13047016-b750.29, mixed mode, sharing, tiered, compressed oops, compressed class ptrs, g1 gc, windows-amd64)
# No core dump will be written. Minidumps are not enabled by default on client versions of Windows
#

---------------  S U M M A R Y ------------

Command Line: org.jetbrains.kotlin.cli.jvm.K2JVMCompiler @C:\Users\cejim\Documents\GitHub\UECodes\PMDM\T2\DefaultApp\app\build\20250405_2503736276193757397.compiler.options

Host: AMD Ryzen 5 PRO 5650U with Radeon Graphics     , 12 cores, 6G,  Windows 10 , 64 bit Build 19041 (10.0.19041.5438)
Time: Sat Apr  5 23:40:25 2025 Hora de verano romance elapsed time: 0.008928 seconds (0d 0h 0m 0s)

---------------  T H R E A D  ---------------

Current thread (0x000002758abc0360):  JavaThread "Unknown thread" [_thread_in_vm, id=22860, stack(0x000000b158a00000,0x000000b158b00000) (1024K)]

Stack: [0x000000b158a00000,0x000000b158b00000]
Native frames: (J=compiled Java code, j=interpreted, Vv=VM code, C=native code)
V  [jvm.dll+0x6cfb29]
V  [jvm.dll+0x85df93]
V  [jvm.dll+0x8604ee]
V  [jvm.dll+0x860bd3]
V  [jvm.dll+0x27e6b6]
V  [jvm.dll+0x6cc385]
V  [jvm.dll+0x6c078a]
V  [jvm.dll+0x35525b]
V  [jvm.dll+0x35ceb6]
V  [jvm.dll+0x3aedd6]
V  [jvm.dll+0x3af0a8]
V  [jvm.dll+0x32792c]
V  [jvm.dll+0x32861b]
V  [jvm.dll+0x8259d9]
V  [jvm.dll+0x3bbfa8]
V  [jvm.dll+0x80ec88]
V  [jvm.dll+0x45015e]
V  [jvm.dll+0x4518c1]
C  [jli.dll+0x52ab]
C  [ucrtbase.dll+0x21bb2]
C  [KERNEL32.DLL+0x17374]
C  [ntdll.dll+0x4cc91]


---------------  P R O C E S S  ---------------

Threads class SMR info:
_java_thread_list=0x00007ffe2ca40808, length=0, elements={
}

Java Threads: ( => current thread )
Total: 0

Other Threads:
  0x000002758cf4a980 WorkerThread "GC Thread#0"                     [id=24352, stack(0x000000b158b00000,0x000000b158c00000) (1024K)]
  0x000002758cf5a560 ConcurrentGCThread "G1 Main Marker"            [id=23488, stack(0x000000b158c00000,0x000000b158d00000) (1024K)]
  0x000002758cf5c410 WorkerThread "G1 Conc#0"                       [id=2632, stack(0x000000b158d00000,0x000000b158e00000) (1024K)]

[error occurred during error reporting (printing all threads), id 0xc0000005, EXCEPTION_ACCESS_VIOLATION (0xc0000005) at pc=0x00007ffe2c23a967]
VM state: not at safepoint (not fully initialized)

VM Mutex/Monitor currently owned by a thread:  ([mutex/lock_event])
[0x00007ffe2caad460] Heap_lock - owner thread: 0x000002758abc0360

Heap address: 0x0000000092c00000, size: 1748 MB, Compressed Oops mode: 32-bit

CDS archive(s) mapped at: [0x0000000000000000-0x0000000000000000-0x0000000000000000), size 0, SharedBaseAddress: 0x0000000800000000, ArchiveRelocationMode: 1.
Narrow klass base: 0x0000000000000000, Narrow klass shift: 0, Narrow klass range: 0x0

GC Precious Log:
 CardTable entry size: 512
 Card Set container configuration: InlinePtr #cards 5 size 8 Array Of Cards #cards 12 size 40 Howl #buckets 4 coarsen threshold 1843 Howl Bitmap #cards 512 size 80 coarsen threshold 460 Card regions per heap region 1 cards per card region 2048

Heap:
 garbage-first heap   total 0K, used 0K [0x0000000092c00000, 0x0000000100000000)
  region size 1024K, 0 young (0K), 0 survivors (0K)
 Metaspace       used 0K, committed 0K, reserved 0K
  class space    used 0K, committed 0K, reserved 0K

Heap Regions: E=young(eden), S=young(survivor), O=old, HS=humongous(starts), HC=humongous(continues), CS=collection set, F=free, TAMS=top-at-mark-start, PB=parsable bottom

Card table byte_map: [0x000002759f920000,0x000002759fc90000] _byte_map_base: 0x000002759f48a000

Marking Bits: (CMBitMap*) 0x000002758cf4b080
 Bits: [0x000002759fc90000, 0x00000275a17e0000)

GC Heap History (0 events):
No events

Dll operation events (1 events):
Event: 0.005 Loaded shared library C:\Program Files\Android\Android Studio1\jbr\bin\java.dll

Deoptimization events (0 events):
No events

Classes loaded (0 events):
No events

Classes unloaded (0 events):
No events

Classes redefined (0 events):
No events

Internal exceptions (0 events):
No events

ZGC Phase Switch (0 events):
No events

VM Operations (0 events):
No events

Memory protections (0 events):
No events

Nmethod flushes (0 events):
No events

Events (0 events):
No events


Dynamic libraries:
0x00007ff7ff210000 - 0x00007ff7ff21a000 	C:\Program Files\Android\Android Studio1\jbr\bin\java.exe
0x00007ffe8df70000 - 0x00007ffe8e168000 	C:\WINDOWS\SYSTEM32\ntdll.dll
0x00007ffe8d380000 - 0x00007ffe8d442000 	C:\WINDOWS\System32\KERNEL32.DLL
0x00007ffe8b960000 - 0x00007ffe8bc5f000 	C:\WINDOWS\System32\KERNELBASE.dll
0x00007ffe8bc60000 - 0x00007ffe8bd60000 	C:\WINDOWS\System32\ucrtbase.dll
0x00007ffe62c30000 - 0x00007ffe62c48000 	C:\Program Files\Android\Android Studio1\jbr\bin\jli.dll
0x00007ffe88c50000 - 0x00007ffe88c6b000 	C:\Program Files\Android\Android Studio1\jbr\bin\VCRUNTIME140.dll
0x00007ffe8d180000 - 0x00007ffe8d31d000 	C:\WINDOWS\System32\USER32.dll
0x00007ffe8bd60000 - 0x00007ffe8bd82000 	C:\WINDOWS\System32\win32u.dll
0x00007ffe7b410000 - 0x00007ffe7b6aa000 	C:\WINDOWS\WinSxS\amd64_microsoft.windows.common-controls_6595b64144ccf1df_6.0.19041.4355_none_60b8b9eb71f62e16\COMCTL32.dll
0x00007ffe8d450000 - 0x00007ffe8d47b000 	C:\WINDOWS\System32\GDI32.dll
0x00007ffe8c290000 - 0x00007ffe8c32e000 	C:\WINDOWS\System32\msvcrt.dll
0x00007ffe8b840000 - 0x00007ffe8b95a000 	C:\WINDOWS\System32\gdi32full.dll
0x00007ffe8b6f0000 - 0x00007ffe8b78d000 	C:\WINDOWS\System32\msvcp_win.dll
0x00007ffe8cb30000 - 0x00007ffe8cb5f000 	C:\WINDOWS\System32\IMM32.DLL
0x00007ffe88c40000 - 0x00007ffe88c4c000 	C:\Program Files\Android\Android Studio1\jbr\bin\vcruntime140_1.dll
0x00007ffe2d2a0000 - 0x00007ffe2d32d000 	C:\Program Files\Android\Android Studio1\jbr\bin\msvcp140.dll
0x00007ffe2bf00000 - 0x00007ffe2cb8a000 	C:\Program Files\Android\Android Studio1\jbr\bin\server\jvm.dll
0x00007ffe8d0d0000 - 0x00007ffe8d17f000 	C:\WINDOWS\System32\ADVAPI32.dll
0x00007ffe8c960000 - 0x00007ffe8c9ff000 	C:\WINDOWS\System32\sechost.dll
0x00007ffe8d480000 - 0x00007ffe8d5a3000 	C:\WINDOWS\System32\RPCRT4.dll
0x00007ffe8bef0000 - 0x00007ffe8bf17000 	C:\WINDOWS\System32\bcrypt.dll
0x00007ffe8d750000 - 0x00007ffe8d7bb000 	C:\WINDOWS\System32\WS2_32.dll
0x00007ffe8ab60000 - 0x00007ffe8abab000 	C:\WINDOWS\SYSTEM32\POWRPROF.dll
0x00007ffe7f3a0000 - 0x00007ffe7f3c7000 	C:\WINDOWS\SYSTEM32\WINMM.dll
0x00007ffe80bd0000 - 0x00007ffe80bda000 	C:\WINDOWS\SYSTEM32\VERSION.dll
0x00007ffe8aa10000 - 0x00007ffe8aa22000 	C:\WINDOWS\SYSTEM32\UMPDC.dll
0x00007ffe89470000 - 0x00007ffe89482000 	C:\WINDOWS\SYSTEM32\kernel.appcore.dll
0x00007ffe850d0000 - 0x00007ffe850da000 	C:\Program Files\Android\Android Studio1\jbr\bin\jimage.dll
0x00007ffe81ac0000 - 0x00007ffe81ca4000 	C:\WINDOWS\SYSTEM32\DBGHELP.DLL
0x00007ffe7eae0000 - 0x00007ffe7eb14000 	C:\WINDOWS\SYSTEM32\dbgcore.DLL
0x00007ffe8b610000 - 0x00007ffe8b692000 	C:\WINDOWS\System32\bcryptPrimitives.dll
0x00007ffe6e400000 - 0x00007ffe6e420000 	C:\Program Files\Android\Android Studio1\jbr\bin\java.dll

dbghelp: loaded successfully - version: 4.0.5 - missing functions: none
symbol engine: initialized successfully - sym options: 0x614 - pdb path: .;C:\Program Files\Android\Android Studio1\jbr\bin;C:\WINDOWS\SYSTEM32;C:\WINDOWS\WinSxS\amd64_microsoft.windows.common-controls_6595b64144ccf1df_6.0.19041.4355_none_60b8b9eb71f62e16;C:\Program Files\Android\Android Studio1\jbr\bin\server

VM Arguments:
java_command: org.jetbrains.kotlin.cli.jvm.K2JVMCompiler @C:\Users\cejim\Documents\GitHub\UECodes\PMDM\T2\DefaultApp\app\build\20250405_2503736276193757397.compiler.options
java_class_path (initial): C:\Users\cejim\.gradle\caches\modules-2\files-2.1\org.jetbrains.kotlin\kotlin-compiler-embeddable\2.0.21\79346ed53db48b18312a472602eb5c057070c54d\kotlin-compiler-embeddable-2.0.21.jar;C:\Users\cejim\.gradle\caches\modules-2\files-2.1\org.jetbrains.kotlin\kotlin-stdlib\2.0.21\618b539767b4899b4660a83006e052b63f1db551\kotlin-stdlib-2.0.21.jar;C:\Users\cejim\.gradle\caches\modules-2\files-2.1\org.jetbrains.kotlin\kotlin-script-runtime\2.0.21\c9b044380ad41f89aa89aa896c2d32a8c0b2129d\kotlin-script-runtime-2.0.21.jar;C:\Users\cejim\.gradle\caches\modules-2\files-2.1\org.jetbrains.kotlin\kotlin-reflect\1.6.10\1cbe9c92c12a94eea200d23c2bbaedaf3daf5132\kotlin-reflect-1.6.10.jar;C:\Users\cejim\.gradle\caches\modules-2\files-2.1\org.jetbrains.kotlin\kotlin-daemon-embeddable\2.0.21\c9e933b23287de9b5a17e2116b4657bb91aea72c\kotlin-daemon-embeddable-2.0.21.jar;C:\Users\cejim\.gradle\caches\modules-2\files-2.1\org.jetbrains.intellij.deps\trove4j\1.0.20200330\3afb14d5f9ceb459d724e907a21145e8ff394f02\trove4j-1.0.20200330.jar;C:\Users\cejim\.gradle\caches\modules-2\files-2.1\org.jetbrains.kotlinx\kotlinx-coroutines-core-jvm\1.6.4\2c997cd1c0ef33f3e751d3831929aeff1390cb30\kotlinx-coroutines-core-jvm-1.6.4.jar;C:\Users\cejim\.gradle\caches\modules-2\files-2.1\org.jetbrains\annotations\13.0\919f0dfe192fb4e063e7dacadee7f8bb9a2672a9\annotations-13.0.jar
Launcher Type: SUN_STANDARD

[Global flags]
     intx CICompilerCount                          = 4                                         {product} {ergonomic}
     uint ConcGCThreads                            = 3                                         {product} {ergonomic}
     uint G1ConcRefinementThreads                  = 10                                        {product} {ergonomic}
   size_t G1HeapRegionSize                         = 1048576                                   {product} {ergonomic}
    uintx GCDrainStackTargetSize                   = 64                                        {product} {ergonomic}
   size_t InitialHeapSize                          = 115343360                                 {product} {ergonomic}
   size_t MarkStackSize                            = 4194304                                   {product} {ergonomic}
   size_t MaxHeapSize                              = 1832910848                                {product} {ergonomic}
   size_t MinHeapDeltaBytes                        = 1048576                                   {product} {ergonomic}
   size_t MinHeapSize                              = 8388608                                   {product} {ergonomic}
    uintx NonNMethodCodeHeapSize                   = 5839372                                {pd product} {ergonomic}
    uintx NonProfiledCodeHeapSize                  = 122909434                              {pd product} {ergonomic}
    uintx ProfiledCodeHeapSize                     = 122909434                              {pd product} {ergonomic}
    uintx ReservedCodeCacheSize                    = 251658240                              {pd product} {ergonomic}
     bool SegmentedCodeCache                       = true                                      {product} {ergonomic}
   size_t SoftMaxHeapSize                          = 1832910848                             {manageable} {ergonomic}
     bool UseCompressedOops                        = true                           {product lp64_product} {ergonomic}
     bool UseG1GC                                  = true                                      {product} {ergonomic}
     bool UseLargePagesIndividualAllocation        = false                                  {pd product} {ergonomic}

Logging:
Log output configuration:
 #0: stdout all=warning uptime,level,tags foldmultilines=false
 #1: stderr all=off uptime,level,tags foldmultilines=false

Environment Variables:
CLASSPATH=.;C:\Program Files (x86)\QuickTime\QTSystem\QTJava.zip
PATH=C:\Program Files\Common Files\Oracle\Java\javapath;C:\Program Files (x86)\Common Files\Oracle\Java\java8path;C:\Program Files (x86)\Common Files\Oracle\Java\javapath;C:\WINDOWS\system32;C:\WINDOWS;C:\WINDOWS\System32\Wbem;C:\WINDOWS\System32\WindowsPowerShell\v1.0\;C:\WINDOWS\System32\OpenSSH\;C:\Program Files\nodejs\;C:\Program Files\Git\cmd;C:\Program Files\AutoFirma\AutoFirma;C:\Program Files (x86)\QuickTime\QTSystem\;C:\Program Files\PuTTY\;C:\Users\cejim\.console-ninja\.bin;C:\Program Files\Java\jdk-10.0.2\bin;C:\Users\cejim\AppData\Local\Programs\Microsoft VS Code\bin;C:\Users\cejim\AppData\Roaming\npm;C:\Users\cejim\AppData\Local\Pandoc\;C:\Program Files\JetBrains\IntelliJ IDEA 2024.1.2\bin;;C:\Program Files\JetBrains\WebStorm 2024.1.3\bin;
USERNAME=cejim
OS=Windows_NT
PROCESSOR_IDENTIFIER=AMD64 Family 25 Model 80 Stepping 0, AuthenticAMD
TMP=C:\Users\cejim\AppData\Local\Temp
TEMP=C:\Users\cejim\AppData\Local\Temp




Periodic native trim disabled

JNI global refs:
JNI global refs: 0, weak refs: 0

JNI global refs memory usage: 0, weak refs: 0

Process memory usage:
Resident Set Size: 10468K (0% of 7158200K total physical memory with 105920K free physical memory)

OOME stack traces (most recent first):
Classloader memory used:

---------------  S Y S T E M  ---------------

OS:
 Windows 10 , 64 bit Build 19041 (10.0.19041.5438)
OS uptime: 0 days 3:47 hours

CPU: total 12 (initial active 12) (12 cores per cpu, 2 threads per core) family 25 model 80 stepping 0 microcode 0x0, cx8, cmov, fxsr, ht, mmx, 3dnowpref, sse, sse2, sse3, ssse3, sse4a, sse4.1, sse4.2, popcnt, lzcnt, tsc, tscinvbit, avx, avx2, aes, erms, clmul, bmi1, bmi2, adx, sha, fma, vzeroupper, clflush, clflushopt, rdtscp, rdpid, fsrm, f16c, pku, cet_ss
Processor Information for all 12 processors :
  Max Mhz: 2301, Current Mhz: 2301, Mhz Limit: 2301

Memory: 4k page, system-wide physical 6990M (103M free)
TotalPageFile size 28494M (AvailPageFile size 68M)
current process WorkingSet (physical memory assigned to process): 10M, peak: 10M
current process commit charge ("private bytes"): 64M, peak: 174M

vm_info: OpenJDK 64-Bit Server VM (21.0.5+-13047016-b750.29) for windows-amd64 JRE (21.0.5+-13047016-b750.29), built on 2025-02-11T21:12:39Z by "builder" with MS VC++ 16.10 / 16.11 (VS2019)

END.
